<?xml version="1.0" encoding="UTF-8"?>
<!-- Generated by org.testng.reporters.JUnitXMLReporter -->
<testsuite ignored="0" hostname="DESKTOP-0NJPTMA" failures="0" tests="30" name="Costco Home" time="198.922" errors="0" timestamp="12 Jan 2019 17:33:33 GMT">
  <testcase classname="base.CommonAPI" name="@BeforeMethod setUp" time="27.536">
    <failure type="org.openqa.selenium.TimeoutException" message="timeout
  (Session info: chrome=71.0.3578.98)
  (Driver info: chromedriver=2.42.591088 (7b2b2dca23cca0862f674758c9a3933e685c27d5),platform=Windows NT 10.0.17134 x86_64) (WARNING: The server did not provide any stacktrace information)
Command duration or timeout: 0 milliseconds
Build info: version: &amp;apos;3.14.0&amp;apos;, revision: &amp;apos;aacccce0&amp;apos;, time: &amp;apos;2018-08-02T20:19:58.91Z&amp;apos;
System info: host: &amp;apos;DESKTOP-0NJPTMA&amp;apos;, ip: &amp;apos;192.168.202.1&amp;apos;, os.name: &amp;apos;Windows 10&amp;apos;, os.arch: &amp;apos;amd64&amp;apos;, os.version: &amp;apos;10.0&amp;apos;, java.version: &amp;apos;11.0.1&amp;apos;
Driver info: org.openqa.selenium.chrome.ChromeDriver
Capabilities {acceptInsecureCerts: false, acceptSslCerts: false, applicationCacheEnabled: false, browserConnectionEnabled: false, browserName: chrome, chrome: {chromedriverVersion: 2.42.591088 (7b2b2dca23cca0..., userDataDir: C:\Users\nafas\AppData\Loca...}, cssSelectorsEnabled: true, databaseEnabled: false, goog:chromeOptions: {debuggerAddress: localhost:51113}, handlesAlerts: true, hasTouchScreen: false, javascriptEnabled: true, locationContextEnabled: true, mobileEmulationEnabled: false, nativeEvents: true, networkConnectionEnabled: false, pageLoadStrategy: normal, platform: XP, platformName: XP, rotatable: false, setWindowRect: true, takesHeapSnapshot: true, takesScreenshot: true, unexpectedAlertBehaviour: , unhandledPromptBehavior: , version: 71.0.3578.98, webStorageEnabled: true}
Session ID: eae27f8e672d197d49380df4b38fbc56">
      <![CDATA[org.openqa.selenium.TimeoutException: timeout
  (Session info: chrome=71.0.3578.98)
  (Driver info: chromedriver=2.42.591088 (7b2b2dca23cca0862f674758c9a3933e685c27d5),platform=Windows NT 10.0.17134 x86_64) (WARNING: The server did not provide any stacktrace information)
Command duration or timeout: 0 milliseconds
Build info: version: '3.14.0', revision: 'aacccce0', time: '2018-08-02T20:19:58.91Z'
System info: host: 'DESKTOP-0NJPTMA', ip: '192.168.202.1', os.name: 'Windows 10', os.arch: 'amd64', os.version: '10.0', java.version: '11.0.1'
Driver info: org.openqa.selenium.chrome.ChromeDriver
Capabilities {acceptInsecureCerts: false, acceptSslCerts: false, applicationCacheEnabled: false, browserConnectionEnabled: false, browserName: chrome, chrome: {chromedriverVersion: 2.42.591088 (7b2b2dca23cca0..., userDataDir: C:\Users\nafas\AppData\Loca...}, cssSelectorsEnabled: true, databaseEnabled: false, goog:chromeOptions: {debuggerAddress: localhost:51113}, handlesAlerts: true, hasTouchScreen: false, javascriptEnabled: true, locationContextEnabled: true, mobileEmulationEnabled: false, nativeEvents: true, networkConnectionEnabled: false, pageLoadStrategy: normal, platform: XP, platformName: XP, rotatable: false, setWindowRect: true, takesHeapSnapshot: true, takesScreenshot: true, unexpectedAlertBehaviour: , unhandledPromptBehavior: , version: 71.0.3578.98, webStorageEnabled: true}
Session ID: eae27f8e672d197d49380df4b38fbc56
at org.openqa.selenium.remote.ErrorHandler.createThrowable(ErrorHandler.java:214)
at org.openqa.selenium.remote.ErrorHandler.throwIfResponseFailed(ErrorHandler.java:166)
at org.openqa.selenium.remote.http.JsonHttpResponseCodec.reconstructValue(JsonHttpResponseCodec.java:40)
at org.openqa.selenium.remote.http.AbstractHttpResponseCodec.decode(AbstractHttpResponseCodec.java:80)
at org.openqa.selenium.remote.http.AbstractHttpResponseCodec.decode(AbstractHttpResponseCodec.java:44)
at org.openqa.selenium.remote.HttpCommandExecutor.execute(HttpCommandExecutor.java:158)
at org.openqa.selenium.remote.service.DriverCommandExecutor.execute(DriverCommandExecutor.java:83)
at org.openqa.selenium.remote.RemoteWebDriver.execute(RemoteWebDriver.java:548)
at org.openqa.selenium.remote.RemoteWebDriver.get(RemoteWebDriver.java:276)
at base.CommonAPI.setUp(CommonAPI.java:67)
... Removed 36 stack frames]]>
    </failure>
  </testcase> <!-- @BeforeMethod setUp -->
  <testcase classname="base.CommonAPI" name="@BeforeMethod startExtent" time="0.0">
    <skipped/>
  </testcase> <!-- @BeforeMethod startExtent -->
  <testcase classname="testHomePage.TestMainPage" name="@BeforeMethod initElements" time="0.0">
    <skipped/>
  </testcase> <!-- @BeforeMethod initElements -->
  <testcase classname="base.CommonAPI" name="@AfterMethod afterEachTestMethod" time="0.0">
    <skipped/>
  </testcase> <!-- @AfterMethod afterEachTestMethod -->
  <testcase classname="base.CommonAPI" name="@BeforeMethod setUp" time="0.0">
    <skipped/>
  </testcase> <!-- @BeforeMethod setUp -->
  <testcase classname="base.CommonAPI" name="@BeforeMethod startExtent" time="0.0">
    <skipped/>
  </testcase> <!-- @BeforeMethod startExtent -->
  <testcase classname="testHomePage.TestMainPage" name="@BeforeMethod initElements" time="0.0">
    <skipped/>
  </testcase> <!-- @BeforeMethod initElements -->
  <testcase classname="base.CommonAPI" name="@AfterMethod afterEachTestMethod" time="0.0">
    <skipped/>
  </testcase> <!-- @AfterMethod afterEachTestMethod -->
  <testcase classname="base.CommonAPI" name="@BeforeMethod setUp" time="0.0">
    <skipped/>
  </testcase> <!-- @BeforeMethod setUp -->
  <testcase classname="base.CommonAPI" name="@BeforeMethod startExtent" time="0.0">
    <skipped/>
  </testcase> <!-- @BeforeMethod startExtent -->
  <testcase classname="testHomePage.TestMainPage" name="@BeforeMethod initElements" time="0.0">
    <skipped/>
  </testcase> <!-- @BeforeMethod initElements -->
  <testcase classname="base.CommonAPI" name="@AfterMethod afterEachTestMethod" time="0.0">
    <skipped/>
  </testcase> <!-- @AfterMethod afterEachTestMethod -->
  <testcase classname="base.CommonAPI" name="@BeforeMethod setUp" time="0.0">
    <skipped/>
  </testcase> <!-- @BeforeMethod setUp -->
  <testcase classname="base.CommonAPI" name="@BeforeMethod startExtent" time="0.0">
    <skipped/>
  </testcase> <!-- @BeforeMethod startExtent -->
  <testcase classname="testHomePage.TestMainPage" name="@BeforeMethod initElements" time="0.0">
    <skipped/>
  </testcase> <!-- @BeforeMethod initElements -->
  <testcase classname="base.CommonAPI" name="@AfterMethod afterEachTestMethod" time="0.0">
    <skipped/>
  </testcase> <!-- @AfterMethod afterEachTestMethod -->
  <testcase classname="base.CommonAPI" name="@BeforeMethod setUp" time="0.0">
    <skipped/>
  </testcase> <!-- @BeforeMethod setUp -->
  <testcase classname="base.CommonAPI" name="@BeforeMethod startExtent" time="0.0">
    <skipped/>
  </testcase> <!-- @BeforeMethod startExtent -->
  <testcase classname="testHomePage.TestMainPage" name="@BeforeMethod initElements" time="0.0">
    <skipped/>
  </testcase> <!-- @BeforeMethod initElements -->
  <testcase classname="base.CommonAPI" name="@AfterMethod afterEachTestMethod" time="0.0">
    <skipped/>
  </testcase> <!-- @AfterMethod afterEachTestMethod -->
  <testcase classname="base.CommonAPI" name="@BeforeMethod setUp" time="0.0">
    <skipped/>
  </testcase> <!-- @BeforeMethod setUp -->
  <testcase classname="base.CommonAPI" name="@BeforeMethod startExtent" time="0.0">
    <skipped/>
  </testcase> <!-- @BeforeMethod startExtent -->
  <testcase classname="testHomePage.TestMainPage" name="@BeforeMethod initElements" time="0.0">
    <skipped/>
  </testcase> <!-- @BeforeMethod initElements -->
  <testcase classname="base.CommonAPI" name="@AfterMethod afterEachTestMethod" time="0.0">
    <skipped/>
  </testcase> <!-- @AfterMethod afterEachTestMethod -->
  <testcase classname="base.CommonAPI" name="@BeforeMethod setUp" time="0.0">
    <skipped/>
  </testcase> <!-- @BeforeMethod setUp -->
  <testcase classname="base.CommonAPI" name="@BeforeMethod startExtent" time="0.0">
    <skipped/>
  </testcase> <!-- @BeforeMethod startExtent -->
  <testcase classname="testHomePage.TestMainPage" name="@BeforeMethod initElements" time="0.0">
    <skipped/>
  </testcase> <!-- @BeforeMethod initElements -->
  <testcase classname="base.CommonAPI" name="@AfterMethod afterEachTestMethod" time="0.0">
    <skipped/>
  </testcase> <!-- @AfterMethod afterEachTestMethod -->
  <testcase classname="base.CommonAPI" name="@BeforeMethod setUp" time="0.0">
    <skipped/>
  </testcase> <!-- @BeforeMethod setUp -->
  <testcase classname="base.CommonAPI" name="@BeforeMethod startExtent" time="0.0">
    <skipped/>
  </testcase> <!-- @BeforeMethod startExtent -->
  <testcase classname="testHomePage.TestMainPage" name="@BeforeMethod initElements" time="0.0">
    <skipped/>
  </testcase> <!-- @BeforeMethod initElements -->
  <testcase classname="base.CommonAPI" name="@AfterMethod afterEachTestMethod" time="0.0">
    <skipped/>
  </testcase> <!-- @AfterMethod afterEachTestMethod -->
  <testcase classname="base.CommonAPI" name="@BeforeMethod setUp" time="0.0">
    <skipped/>
  </testcase> <!-- @BeforeMethod setUp -->
  <testcase classname="base.CommonAPI" name="@BeforeMethod startExtent" time="0.0">
    <skipped/>
  </testcase> <!-- @BeforeMethod startExtent -->
  <testcase classname="testHomePage.TestMainPage" name="@BeforeMethod initElements" time="0.0">
    <skipped/>
  </testcase> <!-- @BeforeMethod initElements -->
  <testcase classname="base.CommonAPI" name="@AfterMethod afterEachTestMethod" time="0.0">
    <skipped/>
  </testcase> <!-- @AfterMethod afterEachTestMethod -->
  <testcase classname="base.CommonAPI" name="@BeforeMethod setUp" time="0.0">
    <skipped/>
  </testcase> <!-- @BeforeMethod setUp -->
  <testcase classname="base.CommonAPI" name="@BeforeMethod startExtent" time="0.0">
    <skipped/>
  </testcase> <!-- @BeforeMethod startExtent -->
  <testcase classname="testHomePage.TestMainPage" name="@BeforeMethod initElements" time="0.0">
    <skipped/>
  </testcase> <!-- @BeforeMethod initElements -->
  <testcase classname="base.CommonAPI" name="@AfterMethod afterEachTestMethod" time="0.0">
    <skipped/>
  </testcase> <!-- @AfterMethod afterEachTestMethod -->
  <testcase classname="base.CommonAPI" name="@BeforeMethod setUp" time="0.0">
    <skipped/>
  </testcase> <!-- @BeforeMethod setUp -->
  <testcase classname="base.CommonAPI" name="@BeforeMethod startExtent" time="0.0">
    <skipped/>
  </testcase> <!-- @BeforeMethod startExtent -->
  <testcase classname="testHomePage.TestMainPage" name="@BeforeMethod initElements" time="0.0">
    <skipped/>
  </testcase> <!-- @BeforeMethod initElements -->
  <testcase classname="base.CommonAPI" name="@AfterMethod afterEachTestMethod" time="0.0">
    <skipped/>
  </testcase> <!-- @AfterMethod afterEachTestMethod -->
  <testcase classname="base.CommonAPI" name="@BeforeMethod setUp" time="0.0">
    <skipped/>
  </testcase> <!-- @BeforeMethod setUp -->
  <testcase classname="base.CommonAPI" name="@BeforeMethod startExtent" time="0.0">
    <skipped/>
  </testcase> <!-- @BeforeMethod startExtent -->
  <testcase classname="testHomePage.TestMainPage" name="@BeforeMethod initElements" time="0.0">
    <skipped/>
  </testcase> <!-- @BeforeMethod initElements -->
  <testcase classname="base.CommonAPI" name="@AfterMethod afterEachTestMethod" time="0.0">
    <skipped/>
  </testcase> <!-- @AfterMethod afterEachTestMethod -->
  <testcase classname="base.CommonAPI" name="@BeforeMethod setUp" time="0.0">
    <skipped/>
  </testcase> <!-- @BeforeMethod setUp -->
  <testcase classname="base.CommonAPI" name="@BeforeMethod startExtent" time="0.0">
    <skipped/>
  </testcase> <!-- @BeforeMethod startExtent -->
  <testcase classname="testHomePage.TestMainPage" name="@BeforeMethod initElements" time="0.0">
    <skipped/>
  </testcase> <!-- @BeforeMethod initElements -->
  <testcase classname="base.CommonAPI" name="@AfterMethod afterEachTestMethod" time="0.0">
    <skipped/>
  </testcase> <!-- @AfterMethod afterEachTestMethod -->
  <testcase classname="base.CommonAPI" name="@BeforeMethod setUp" time="0.0">
    <skipped/>
  </testcase> <!-- @BeforeMethod setUp -->
  <testcase classname="base.CommonAPI" name="@BeforeMethod startExtent" time="0.0">
    <skipped/>
  </testcase> <!-- @BeforeMethod startExtent -->
  <testcase classname="testHomePage.TestMainPage" name="@BeforeMethod initElements" time="0.0">
    <skipped/>
  </testcase> <!-- @BeforeMethod initElements -->
  <testcase classname="base.CommonAPI" name="@AfterMethod afterEachTestMethod" time="0.0">
    <skipped/>
  </testcase> <!-- @AfterMethod afterEachTestMethod -->
  <testcase classname="base.CommonAPI" name="@BeforeMethod setUp" time="0.0">
    <skipped/>
  </testcase> <!-- @BeforeMethod setUp -->
  <testcase classname="base.CommonAPI" name="@BeforeMethod startExtent" time="0.0">
    <skipped/>
  </testcase> <!-- @BeforeMethod startExtent -->
  <testcase classname="testHomePage.TestMainPage" name="@BeforeMethod initElements" time="0.0">
    <skipped/>
  </testcase> <!-- @BeforeMethod initElements -->
  <testcase classname="base.CommonAPI" name="@AfterMethod afterEachTestMethod" time="0.0">
    <skipped/>
  </testcase> <!-- @AfterMethod afterEachTestMethod -->
  <testcase classname="base.CommonAPI" name="@BeforeMethod setUp" time="0.0">
    <skipped/>
  </testcase> <!-- @BeforeMethod setUp -->
  <testcase classname="base.CommonAPI" name="@BeforeMethod startExtent" time="0.0">
    <skipped/>
  </testcase> <!-- @BeforeMethod startExtent -->
  <testcase classname="testHomePage.TestMainPage" name="@BeforeMethod initElements" time="0.0">
    <skipped/>
  </testcase> <!-- @BeforeMethod initElements -->
  <testcase classname="base.CommonAPI" name="@AfterMethod afterEachTestMethod" time="0.0">
    <skipped/>
  </testcase> <!-- @AfterMethod afterEachTestMethod -->
  <testcase classname="base.CommonAPI" name="@BeforeMethod setUp" time="0.0">
    <skipped/>
  </testcase> <!-- @BeforeMethod setUp -->
  <testcase classname="base.CommonAPI" name="@BeforeMethod startExtent" time="0.0">
    <skipped/>
  </testcase> <!-- @BeforeMethod startExtent -->
  <testcase classname="testHomePage.TestMainPage" name="@BeforeMethod initElements" time="0.0">
    <skipped/>
  </testcase> <!-- @BeforeMethod initElements -->
  <testcase classname="base.CommonAPI" name="@AfterMethod afterEachTestMethod" time="0.0">
    <skipped/>
  </testcase> <!-- @AfterMethod afterEachTestMethod -->
  <testcase classname="base.CommonAPI" name="@BeforeMethod setUp" time="0.0">
    <skipped/>
  </testcase> <!-- @BeforeMethod setUp -->
  <testcase classname="base.CommonAPI" name="@BeforeMethod startExtent" time="0.0">
    <skipped/>
  </testcase> <!-- @BeforeMethod startExtent -->
  <testcase classname="testHomePage.TestMainPage" name="@BeforeMethod initElements" time="0.0">
    <skipped/>
  </testcase> <!-- @BeforeMethod initElements -->
  <testcase classname="base.CommonAPI" name="@AfterMethod afterEachTestMethod" time="0.0">
    <skipped/>
  </testcase> <!-- @AfterMethod afterEachTestMethod -->
  <testcase classname="base.CommonAPI" name="@BeforeMethod setUp" time="0.0">
    <skipped/>
  </testcase> <!-- @BeforeMethod setUp -->
  <testcase classname="base.CommonAPI" name="@BeforeMethod startExtent" time="0.0">
    <skipped/>
  </testcase> <!-- @BeforeMethod startExtent -->
  <testcase classname="testHomePage.TestMainPage" name="@BeforeMethod initElements" time="0.0">
    <skipped/>
  </testcase> <!-- @BeforeMethod initElements -->
  <testcase classname="base.CommonAPI" name="@AfterMethod afterEachTestMethod" time="0.0">
    <skipped/>
  </testcase> <!-- @AfterMethod afterEachTestMethod -->
  <testcase classname="base.CommonAPI" name="@BeforeMethod setUp" time="0.0">
    <skipped/>
  </testcase> <!-- @BeforeMethod setUp -->
  <testcase classname="base.CommonAPI" name="@BeforeMethod startExtent" time="0.0">
    <skipped/>
  </testcase> <!-- @BeforeMethod startExtent -->
  <testcase classname="testHomePage.TestMainPage" name="@BeforeMethod initElements" time="0.0">
    <skipped/>
  </testcase> <!-- @BeforeMethod initElements -->
  <testcase classname="base.CommonAPI" name="@AfterMethod afterEachTestMethod" time="0.0">
    <skipped/>
  </testcase> <!-- @AfterMethod afterEachTestMethod -->
  <testcase classname="base.CommonAPI" name="@BeforeMethod setUp" time="0.0">
    <skipped/>
  </testcase> <!-- @BeforeMethod setUp -->
  <testcase classname="base.CommonAPI" name="@BeforeMethod startExtent" time="0.0">
    <skipped/>
  </testcase> <!-- @BeforeMethod startExtent -->
  <testcase classname="testHomePage.TestMainPage" name="@BeforeMethod initElements" time="0.0">
    <skipped/>
  </testcase> <!-- @BeforeMethod initElements -->
  <testcase classname="base.CommonAPI" name="@AfterMethod afterEachTestMethod" time="0.0">
    <skipped/>
  </testcase> <!-- @AfterMethod afterEachTestMethod -->
  <testcase classname="base.CommonAPI" name="@BeforeMethod setUp" time="0.0">
    <skipped/>
  </testcase> <!-- @BeforeMethod setUp -->
  <testcase classname="base.CommonAPI" name="@BeforeMethod startExtent" time="0.0">
    <skipped/>
  </testcase> <!-- @BeforeMethod startExtent -->
  <testcase classname="testHomePage.TestMainPage" name="@BeforeMethod initElements" time="0.0">
    <skipped/>
  </testcase> <!-- @BeforeMethod initElements -->
  <testcase classname="base.CommonAPI" name="@AfterMethod afterEachTestMethod" time="0.0">
    <skipped/>
  </testcase> <!-- @AfterMethod afterEachTestMethod -->
  <testcase classname="base.CommonAPI" name="@BeforeMethod setUp" time="0.0">
    <skipped/>
  </testcase> <!-- @BeforeMethod setUp -->
  <testcase classname="base.CommonAPI" name="@BeforeMethod startExtent" time="0.0">
    <skipped/>
  </testcase> <!-- @BeforeMethod startExtent -->
  <testcase classname="testHomePage.TestMainPage" name="@BeforeMethod initElements" time="0.0">
    <skipped/>
  </testcase> <!-- @BeforeMethod initElements -->
  <testcase classname="base.CommonAPI" name="@AfterMethod afterEachTestMethod" time="0.0">
    <skipped/>
  </testcase> <!-- @AfterMethod afterEachTestMethod -->
  <testcase classname="base.CommonAPI" name="@BeforeMethod setUp" time="0.0">
    <skipped/>
  </testcase> <!-- @BeforeMethod setUp -->
  <testcase classname="base.CommonAPI" name="@BeforeMethod startExtent" time="0.0">
    <skipped/>
  </testcase> <!-- @BeforeMethod startExtent -->
  <testcase classname="testHomePage.TestMainPage" name="@BeforeMethod initElements" time="0.0">
    <skipped/>
  </testcase> <!-- @BeforeMethod initElements -->
  <testcase classname="base.CommonAPI" name="@AfterMethod afterEachTestMethod" time="0.0">
    <skipped/>
  </testcase> <!-- @AfterMethod afterEachTestMethod -->
  <testcase classname="testHomePage.TestMainPage" name="cityStateZip" time="0.341"/>
  <testcase classname="testHomePage.TestMainPage" name="customerService" time="0.303"/>
  <testcase classname="testHomePage.TestMainPage" name="enterYourEmail" time="0.355"/>
  <testcase classname="testHomePage.TestMainPage" name="facebookLogo" time="19.741"/>
  <testcase classname="testHomePage.TestMainPage" name="findaWarehouse" time="0.321"/>
  <testcase classname="testHomePage.TestMainPage" name="followUs" time="0.623"/>
  <testcase classname="testHomePage.TestMainPage" name="getGetEmailOffers" time="0.0">
    <skipped/>
  </testcase> <!-- getGetEmailOffers -->
  <testcase classname="testHomePage.TestMainPage" name="getHelp" time="0.0">
    <skipped/>
  </testcase> <!-- getHelp -->
  <testcase classname="testHomePage.TestMainPage" name="pLog" time="0.0">
    <skipped/>
  </testcase> <!-- pLog -->
  <testcase classname="testHomePage.TestMainPage" name="pLogo" time="0.0">
    <skipped/>
  </testcase> <!-- pLogo -->
  <testcase classname="testHomePage.TestMainPage" name="testAll" time="0.0">
    <skipped/>
  </testcase> <!-- testAll -->
  <testcase classname="testHomePage.TestMainPage" name="testBusinessDelivery" time="0.0">
    <skipped/>
  </testcase> <!-- testBusinessDelivery -->
  <testcase classname="testHomePage.TestMainPage" name="testCart" time="0.0">
    <skipped/>
  </testcase> <!-- testCart -->
  <testcase classname="testHomePage.TestMainPage" name="testCustomerService" time="0.0">
    <skipped/>
  </testcase> <!-- testCustomerService -->
  <testcase classname="testHomePage.TestMainPage" name="testFindaWarehouse" time="0.0">
    <skipped/>
  </testcase> <!-- testFindaWarehouse -->
  <testcase classname="testHomePage.TestMainPage" name="testGetEmailOffers" time="0.0">
    <skipped/>
  </testcase> <!-- testGetEmailOffers -->
  <testcase classname="testHomePage.TestMainPage" name="testGrocery" time="0.0">
    <skipped/>
  </testcase> <!-- testGrocery -->
  <testcase classname="testHomePage.TestMainPage" name="testLocation" time="0.0">
    <skipped/>
  </testcase> <!-- testLocation -->
  <testcase classname="testHomePage.TestMainPage" name="testLogo" time="0.0">
    <skipped/>
  </testcase> <!-- testLogo -->
  <testcase classname="testHomePage.TestMainPage" name="testMembership" time="0.0">
    <skipped/>
  </testcase> <!-- testMembership -->
  <testcase classname="testHomePage.TestMainPage" name="testOptical" time="0.0">
    <skipped/>
  </testcase> <!-- testOptical -->
  <testcase classname="testHomePage.TestMainPage" name="testPharmacy" time="0.0">
    <skipped/>
  </testcase> <!-- testPharmacy -->
  <testcase classname="testHomePage.TestMainPage" name="testPhoto" time="0.0">
    <skipped/>
  </testcase> <!-- testPhoto -->
  <testcase classname="testHomePage.TestMainPage" name="testSearch" time="0.0">
    <skipped/>
  </testcase> <!-- testSearch -->
  <testcase classname="testHomePage.TestMainPage" name="testServices" time="0.0">
    <skipped/>
  </testcase> <!-- testServices -->
  <testcase classname="testHomePage.TestMainPage" name="testShopAllDepartment" time="0.0">
    <skipped/>
  </testcase> <!-- testShopAllDepartment -->
  <testcase classname="testHomePage.TestMainPage" name="testSignInRegister" time="0.0">
    <skipped/>
  </testcase> <!-- testSignInRegister -->
  <testcase classname="testHomePage.TestMainPage" name="testTravel" time="0.0">
    <skipped/>
  </testcase> <!-- testTravel -->
  <testcase classname="testHomePage.TestMainPage" name="testus" time="0.0">
    <skipped/>
  </testcase> <!-- testus -->
  <testcase classname="testHomePage.TestMainPage" name="testviewWareHouseSavings" time="0.0">
    <skipped/>
  </testcase> <!-- testviewWareHouseSavings -->
</testsuite> <!-- Costco Home -->
